d:\image campus\segundo año\graficos\2dengine\gameengine\obj\debug\vc141.pdb
d:\image campus\segundo año\graficos\2dengine\gameengine\obj\debug\vc141.idb
d:\image campus\segundo año\graficos\2dengine\gameengine\obj\debug\main.obj
d:\image campus\segundo año\graficos\2dengine\gameengine\obj\debug\game.obj
d:\image campus\segundo año\graficos\2dengine\gameengine\bin\debug\game.lib
d:\image campus\segundo año\graficos\2dengine\gameengine\bin\debug\game.exp
d:\image campus\segundo año\graficos\2dengine\gameengine\bin\debug\game.ilk
d:\image campus\segundo año\graficos\2dengine\gameengine\bin\debug\game.exe
d:\image campus\segundo año\graficos\2dengine\gameengine\bin\debug\game.pdb
d:\image campus\segundo año\graficos\2dengine\gameengine\obj\debug\animation.obj
d:\image campus\segundo año\graficos\2dengine\gameengine\obj\debug\basegame.obj
d:\image campus\segundo año\graficos\2dengine\gameengine\obj\debug\collisionmanager.obj
d:\image campus\segundo año\graficos\2dengine\gameengine\obj\debug\entity.obj
d:\image campus\segundo año\graficos\2dengine\gameengine\obj\debug\input.obj
d:\image campus\segundo año\graficos\2dengine\gameengine\obj\debug\loadshader.obj
d:\image campus\segundo año\graficos\2dengine\gameengine\obj\debug\renderer.obj
d:\image campus\segundo año\graficos\2dengine\gameengine\obj\debug\shape.obj
d:\image campus\segundo año\graficos\2dengine\gameengine\obj\debug\sprite.obj
d:\image campus\segundo año\graficos\2dengine\gameengine\obj\debug\texture.obj
d:\image campus\segundo año\graficos\2dengine\gameengine\obj\debug\window.obj
d:\image campus\segundo año\graficos\2dengine\gameengine\obj\debug\game.tlog\cl.command.1.tlog
d:\image campus\segundo año\graficos\2dengine\gameengine\obj\debug\game.tlog\cl.read.1.tlog
d:\image campus\segundo año\graficos\2dengine\gameengine\obj\debug\game.tlog\cl.write.1.tlog
d:\image campus\segundo año\graficos\2dengine\gameengine\obj\debug\game.tlog\game.write.1u.tlog
d:\image campus\segundo año\graficos\2dengine\gameengine\obj\debug\game.tlog\link.command.1.tlog
d:\image campus\segundo año\graficos\2dengine\gameengine\obj\debug\game.tlog\link.read.1.tlog
d:\image campus\segundo año\graficos\2dengine\gameengine\obj\debug\game.tlog\link.write.1.tlog
