C:\Program Files (x86)\Microsoft Visual Studio\2017\Community\Common7\IDE\VC\VCTargets\Microsoft.CppBuild.targets(391,5): warning MSB8028: The intermediate directory (D:\Image Campus\segundo año\graficos\2DEngine\GameEngine\obj\Debug\) contains files shared from another project (Engine.vcxproj).  This can lead to incorrect clean and rebuild behavior.
  Game.cpp
d:\image campus\segundo año\graficos\2dengine\gameengine\src\engine\renderer.h(33): warning C4251: 'Renderer::viewMatrix': struct 'glm::mat<4,4,glm::f32,0>' needs to have dll-interface to be used by clients of class 'Renderer'
  d:\image campus\segundo año\graficos\2dengine\gameengine\libs\glm\glm\fwd.hpp(518): note: see declaration of 'glm::mat<4,4,glm::f32,0>'
d:\image campus\segundo año\graficos\2dengine\gameengine\src\engine\renderer.h(34): warning C4251: 'Renderer::projMatrix': struct 'glm::mat<4,4,glm::f32,0>' needs to have dll-interface to be used by clients of class 'Renderer'
  d:\image campus\segundo año\graficos\2dengine\gameengine\libs\glm\glm\fwd.hpp(518): note: see declaration of 'glm::mat<4,4,glm::f32,0>'
d:\image campus\segundo año\graficos\2dengine\gameengine\src\engine\basegame.h(21): warning C4251: 'BaseGame::entityList': class 'std::list<Entity *,std::allocator<_Ty>>' needs to have dll-interface to be used by clients of class 'BaseGame'
          with
          [
              _Ty=Entity *
          ]
  d:\image campus\segundo año\graficos\2dengine\gameengine\src\engine\renderer.h(24): note: see declaration of 'std::list<Entity *,std::allocator<_Ty>>'
          with
          [
              _Ty=Entity *
          ]
d:\image campus\segundo año\graficos\2dengine\gameengine\src\engine\entity.h(37): warning C4251: 'Entity::position': struct 'glm::vec<3,float,0>' needs to have dll-interface to be used by clients of class 'Entity'
  d:\image campus\segundo año\graficos\2dengine\gameengine\libs\glm\glm\fwd.hpp(418): note: see declaration of 'glm::vec<3,float,0>'
d:\image campus\segundo año\graficos\2dengine\gameengine\src\engine\entity.h(38): warning C4251: 'Entity::scale': struct 'glm::vec<3,float,0>' needs to have dll-interface to be used by clients of class 'Entity'
  d:\image campus\segundo año\graficos\2dengine\gameengine\libs\glm\glm\fwd.hpp(418): note: see declaration of 'glm::vec<3,float,0>'
d:\image campus\segundo año\graficos\2dengine\gameengine\src\engine\entity.h(39): warning C4251: 'Entity::model': struct 'glm::mat<4,4,glm::f32,0>' needs to have dll-interface to be used by clients of class 'Entity'
  d:\image campus\segundo año\graficos\2dengine\gameengine\libs\glm\glm\fwd.hpp(518): note: see declaration of 'glm::mat<4,4,glm::f32,0>'
d:\image campus\segundo año\graficos\2dengine\gameengine\src\engine\shape.h(17): warning C4251: 'Shape::posVertex': struct 'glm::vec<3,float,0>' needs to have dll-interface to be used by clients of class 'Shape'
  d:\image campus\segundo año\graficos\2dengine\gameengine\libs\glm\glm\fwd.hpp(418): note: see declaration of 'glm::vec<3,float,0>'
d:\image campus\segundo año\graficos\2dengine\gameengine\src\engine\shape.h(18): warning C4251: 'Shape::colorVertex': struct 'glm::vec<3,float,0>' needs to have dll-interface to be used by clients of class 'Shape'
  d:\image campus\segundo año\graficos\2dengine\gameengine\libs\glm\glm\fwd.hpp(418): note: see declaration of 'glm::vec<3,float,0>'
d:\image campus\segundo año\graficos\2dengine\gameengine\src\engine\shape.h(19): warning C4251: 'Shape::texVertex': struct 'glm::vec<2,float,0>' needs to have dll-interface to be used by clients of class 'Shape'
  d:\image campus\segundo año\graficos\2dengine\gameengine\libs\glm\glm\fwd.hpp(417): note: see declaration of 'glm::vec<2,float,0>'
  main.cpp
d:\image campus\segundo año\graficos\2dengine\gameengine\src\engine\renderer.h(33): warning C4251: 'Renderer::viewMatrix': struct 'glm::mat<4,4,glm::f32,0>' needs to have dll-interface to be used by clients of class 'Renderer'
  d:\image campus\segundo año\graficos\2dengine\gameengine\libs\glm\glm\fwd.hpp(518): note: see declaration of 'glm::mat<4,4,glm::f32,0>'
d:\image campus\segundo año\graficos\2dengine\gameengine\src\engine\renderer.h(34): warning C4251: 'Renderer::projMatrix': struct 'glm::mat<4,4,glm::f32,0>' needs to have dll-interface to be used by clients of class 'Renderer'
  d:\image campus\segundo año\graficos\2dengine\gameengine\libs\glm\glm\fwd.hpp(518): note: see declaration of 'glm::mat<4,4,glm::f32,0>'
d:\image campus\segundo año\graficos\2dengine\gameengine\src\engine\basegame.h(21): warning C4251: 'BaseGame::entityList': class 'std::list<Entity *,std::allocator<_Ty>>' needs to have dll-interface to be used by clients of class 'BaseGame'
          with
          [
              _Ty=Entity *
          ]
  d:\image campus\segundo año\graficos\2dengine\gameengine\src\engine\renderer.h(24): note: see declaration of 'std::list<Entity *,std::allocator<_Ty>>'
          with
          [
              _Ty=Entity *
          ]
d:\image campus\segundo año\graficos\2dengine\gameengine\src\engine\entity.h(37): warning C4251: 'Entity::position': struct 'glm::vec<3,float,0>' needs to have dll-interface to be used by clients of class 'Entity'
  d:\image campus\segundo año\graficos\2dengine\gameengine\libs\glm\glm\fwd.hpp(418): note: see declaration of 'glm::vec<3,float,0>'
d:\image campus\segundo año\graficos\2dengine\gameengine\src\engine\entity.h(38): warning C4251: 'Entity::scale': struct 'glm::vec<3,float,0>' needs to have dll-interface to be used by clients of class 'Entity'
  d:\image campus\segundo año\graficos\2dengine\gameengine\libs\glm\glm\fwd.hpp(418): note: see declaration of 'glm::vec<3,float,0>'
d:\image campus\segundo año\graficos\2dengine\gameengine\src\engine\entity.h(39): warning C4251: 'Entity::model': struct 'glm::mat<4,4,glm::f32,0>' needs to have dll-interface to be used by clients of class 'Entity'
  d:\image campus\segundo año\graficos\2dengine\gameengine\libs\glm\glm\fwd.hpp(518): note: see declaration of 'glm::mat<4,4,glm::f32,0>'
d:\image campus\segundo año\graficos\2dengine\gameengine\src\engine\shape.h(17): warning C4251: 'Shape::posVertex': struct 'glm::vec<3,float,0>' needs to have dll-interface to be used by clients of class 'Shape'
  d:\image campus\segundo año\graficos\2dengine\gameengine\libs\glm\glm\fwd.hpp(418): note: see declaration of 'glm::vec<3,float,0>'
d:\image campus\segundo año\graficos\2dengine\gameengine\src\engine\shape.h(18): warning C4251: 'Shape::colorVertex': struct 'glm::vec<3,float,0>' needs to have dll-interface to be used by clients of class 'Shape'
  d:\image campus\segundo año\graficos\2dengine\gameengine\libs\glm\glm\fwd.hpp(418): note: see declaration of 'glm::vec<3,float,0>'
d:\image campus\segundo año\graficos\2dengine\gameengine\src\engine\shape.h(19): warning C4251: 'Shape::texVertex': struct 'glm::vec<2,float,0>' needs to have dll-interface to be used by clients of class 'Shape'
  d:\image campus\segundo año\graficos\2dengine\gameengine\libs\glm\glm\fwd.hpp(417): note: see declaration of 'glm::vec<2,float,0>'
d:\image campus\segundo año\graficos\2dengine\gameengine\src\game\main.cpp(7): warning C4326: return type of 'main' should be 'int' instead of 'void'
  Generating Code...
     Creating library D:\Image Campus\segundo año\graficos\2DEngine\GameEngine\bin\Debug\Game.lib and object D:\Image Campus\segundo año\graficos\2DEngine\GameEngine\bin\Debug\Game.exp
  Game.vcxproj -> D:\Image Campus\segundo año\graficos\2DEngine\GameEngine\bin\Debug\Game.exe
